c:\users\glvd\source\repos\comformclr3_1\comform\debug\vc143.pdb
c:\users\glvd\source\repos\comformclr3_1\comform\debug\.netframework,version=v4.7.2.assemblyattributes.obj
c:\users\glvd\source\repos\comformclr3_1\comform\debug\threads.obj
c:\users\glvd\source\repos\comformclr3_1\comform\debug\myform.obj
c:\users\glvd\source\repos\comformclr3_1\comform\debug\comform.myform.resources
c:\users\glvd\source\repos\comformclr3_1\debug\comform.exe
c:\users\glvd\source\repos\comformclr3_1\debug\comform.pdb
c:\users\glvd\source\repos\comformclr3_1\comform\debug\comform.res
c:\users\glvd\source\repos\comformclr3_1\comform\debug\comform.tlog\cl.command.1.tlog
c:\users\glvd\source\repos\comformclr3_1\comform\debug\comform.tlog\cl.read.1.tlog
c:\users\glvd\source\repos\comformclr3_1\comform\debug\comform.tlog\cl.write.1.tlog
c:\users\glvd\source\repos\comformclr3_1\comform\debug\comform.tlog\comform.write.1u.tlog
c:\users\glvd\source\repos\comformclr3_1\comform\debug\comform.tlog\link.command.1.tlog
c:\users\glvd\source\repos\comformclr3_1\comform\debug\comform.tlog\link.read.1.tlog
c:\users\glvd\source\repos\comformclr3_1\comform\debug\comform.tlog\link.write.1.tlog
c:\users\glvd\source\repos\comformclr3_1\comform\debug\comform.tlog\metagen.read.1.tlog
c:\users\glvd\source\repos\comformclr3_1\comform\debug\comform.tlog\metagen.write.1.tlog
c:\users\glvd\source\repos\comformclr3_1\comform\debug\comform.tlog\rc.command.1.tlog
c:\users\glvd\source\repos\comformclr3_1\comform\debug\comform.tlog\rc.read.1.tlog
c:\users\glvd\source\repos\comformclr3_1\comform\debug\comform.tlog\rc.write.1.tlog
